<?xml version="1.0" encoding="UTF-8" standalone="no"?><testsuite errors="1" failures="0" name="Selección de fechas en JQuery Datepicker" skipped="0" tests="1" time="0.37" timestamp="2025-09-05 10:53:03"><testcase name="Reserva de una cita seleccionando una fecha en el calendario"><error message="The actor Usuario does not have the ability to browse the web" type="net.serenitybdd.screenplay.exceptions.ActorCannotBrowseTheWebException">The actor Usuario does not have the ability to browse the web</error><system-err>The actor Usuario does not have the ability to browse the web&#13;
net.thucydides.core.steps.StepInterceptor.invokeMethod(StepInterceptor.java:519)&#13;
net.thucydides.core.steps.StepInterceptor.executeTestStepMethod(StepInterceptor.java:499)&#13;
net.thucydides.core.steps.StepInterceptor.runTestStep(StepInterceptor.java:471)&#13;
net.thucydides.core.steps.StepInterceptor.runOrSkipMethod(StepInterceptor.java:213)&#13;
net.thucydides.core.steps.StepInterceptor.testStepResult(StepInterceptor.java:200)&#13;
net.thucydides.core.steps.StepInterceptor.intercept(StepInterceptor.java:92)&#13;
com.jqueryui.tasks.OpenDatepickerHomePage.performAs(OpenDatepickerHomePage.java:18)&#13;
com.jqueryui.stepdefinitions.DatepickerStepDefinitions.que_el_usuario_abre_la_página_principal_de_j_query_datepicker(DatepickerStepDefinitions.java:25)&#13;
io.cucumber.java.Invoker.doInvoke(Invoker.java:66)&#13;
io.cucumber.java.Invoker.invoke(Invoker.java:24)&#13;
io.cucumber.java.AbstractGlueDefinition.invokeMethod(AbstractGlueDefinition.java:47)&#13;
io.cucumber.java.JavaStepDefinition.execute(JavaStepDefinition.java:29)&#13;
io.cucumber.core.runner.CoreStepDefinition.execute(CoreStepDefinition.java:66)&#13;
io.cucumber.core.runner.PickleStepDefinitionMatch.runStep(PickleStepDefinitionMatch.java:63)&#13;
io.cucumber.core.runner.TestStep.executeStep(TestStep.java:84)&#13;
io.cucumber.core.runner.TestStep.run(TestStep.java:56)&#13;
io.cucumber.core.runner.PickleStepTestStep.run(PickleStepTestStep.java:51)&#13;
io.cucumber.core.runner.TestCase.run(TestCase.java:84)&#13;
io.cucumber.core.runner.Runner.runPickle(Runner.java:75)&#13;
io.cucumber.core.runtime.CucumberExecutionContext.lambda$runTestCase$5(CucumberExecutionContext.java:137)&#13;
io.cucumber.core.runtime.RethrowingThrowableCollector.executeAndThrow(RethrowingThrowableCollector.java:23)&#13;
io.cucumber.core.runtime.CucumberExecutionContext.runTestCase(CucumberExecutionContext.java:137)&#13;
io.cucumber.junit.FeatureRunner.runChild(FeatureRunner.java:144)&#13;
io.cucumber.junit.FeatureRunner.runChild(FeatureRunner.java:28)&#13;
io.cucumber.junit.FeatureRunner.run(FeatureRunner.java:137)&#13;
io.cucumber.junit.CucumberSerenityBaseRunner.runChild(CucumberSerenityBaseRunner.java:332)&#13;
io.cucumber.junit.CucumberSerenityBaseRunner.runChild(CucumberSerenityBaseRunner.java:53)&#13;
worker.org.gradle.process.internal.worker.GradleWorkerMain.run(GradleWorkerMain.java:69)&#13;
worker.org.gradle.process.internal.worker.GradleWorkerMain.main(GradleWorkerMain.java:74)&#13;
</system-err></testcase></testsuite>